16/12/2013 9:02:04 PM	This log contains information about the import schema operation into project 'holidayHomes_build' on computer 'MC_VAIO' by user 'Matt'.
16/12/2013 9:02:05 PM	Import of database schema has started.
16/12/2013 9:02:27 PM	Gathering database options
16/12/2013 9:02:27 PM	Gathering users
16/12/2013 9:02:28 PM	Gathering roles
16/12/2013 9:02:28 PM	Gathering application roles
16/12/2013 9:02:28 PM	Gathering role memberships
16/12/2013 9:02:28 PM	Gathering filegroups
16/12/2013 9:02:28 PM	Gathering full-text catalogs
16/12/2013 9:02:28 PM	Gathering assemblies
16/12/2013 9:02:28 PM	Gathering certificates
16/12/2013 9:02:28 PM	Gathering asymmetric keys
16/12/2013 9:02:28 PM	Gathering symmetric keys
16/12/2013 9:02:28 PM	Gathering encrypted symmetric keys
16/12/2013 9:02:28 PM	Gathering schemas
16/12/2013 9:02:28 PM	Gathering XML schema collections
16/12/2013 9:02:28 PM	Gathering user-defined data types
16/12/2013 9:02:28 PM	Gathering user-defined types
16/12/2013 9:02:28 PM	Gathering table types
16/12/2013 9:02:28 PM	Gathering unique keys for table types
16/12/2013 9:02:28 PM	Gathering primary keys for table types
16/12/2013 9:02:28 PM	Gathering check constraints for table types
16/12/2013 9:02:28 PM	Gathering default constraints for table types
16/12/2013 9:02:28 PM	Gathering partition functions
16/12/2013 9:02:28 PM	Gathering partition schemes
16/12/2013 9:02:28 PM	Gathering functions
16/12/2013 9:02:28 PM	Gathering encrypted functions
16/12/2013 9:02:28 PM	Gathering aggregates
16/12/2013 9:02:28 PM	Gathering procedures
16/12/2013 9:02:28 PM	Gathering encrypted procedures
16/12/2013 9:02:28 PM	Gathering tables
16/12/2013 9:02:28 PM	Gathering primary keys
16/12/2013 9:02:29 PM	Gathering unique constraints
16/12/2013 9:02:29 PM	Gathering foreign keys
16/12/2013 9:02:29 PM	Gathering default constraints
16/12/2013 9:02:29 PM	Gathering check constraints
16/12/2013 9:02:29 PM	Gathering views
16/12/2013 9:02:29 PM	Gathering encrypted views
16/12/2013 9:02:29 PM	Gathering indexes
16/12/2013 9:02:29 PM	Gathering statistics
16/12/2013 9:02:29 PM	Gathering full-text index stoplists
16/12/2013 9:02:29 PM	Gathering search property lists
16/12/2013 9:02:29 PM	Gathering search properties
16/12/2013 9:02:29 PM	Gathering full-text indexes
16/12/2013 9:02:29 PM	Gathering column store indexes
16/12/2013 9:02:29 PM	Gathering spatial indexes
16/12/2013 9:02:29 PM	Gathering XML indexes
16/12/2013 9:02:29 PM	Gathering Selective XML indexes
16/12/2013 9:02:29 PM	Gathering encrypted triggers
16/12/2013 9:02:29 PM	Gathering triggers
16/12/2013 9:02:29 PM	Gathering encrypted and clr ddl triggers
16/12/2013 9:02:29 PM	Gathering ddl triggers
16/12/2013 9:02:30 PM	Gathering synonyms
16/12/2013 9:02:30 PM	Gathering defaults
16/12/2013 9:02:30 PM	Gathering data constraint uddt bindings
16/12/2013 9:02:30 PM	Gathering rules
16/12/2013 9:02:30 PM	Gathering data constraint uddt bindings
16/12/2013 9:02:30 PM	Gathering message types
16/12/2013 9:02:30 PM	Gathering queues
16/12/2013 9:02:30 PM	Gathering contracts
16/12/2013 9:02:30 PM	Gathering services
16/12/2013 9:02:30 PM	Gathering event notifications
16/12/2013 9:02:30 PM	Gathering remote service bindings
16/12/2013 9:02:30 PM	Gathering broker priorities
16/12/2013 9:02:30 PM	Gathering signatures
16/12/2013 9:02:30 PM	Gathering data compression options
16/12/2013 9:02:30 PM	Gathering sequence types
16/12/2013 9:02:30 PM	Gathering extended properties
16/12/2013 9:02:31 PM	Scanning project for duplicate elements
16/12/2013 9:02:31 PM	Finished duplicate element processing
16/12/2013 9:02:33 PM	Finished importing database.
16/12/2013 9:02:33 PM	A summary of the import was saved to the following location: C:\Users\Matt\Dropbox\Work\holidayHomesImporter\holidayHomes_build\Import Schema Logs\holidayHomes_build_20131216010204.log
16/12/2013 9:02:35 PM	Click Finish to continue...
